#-----------------------------------------------------------
# Vivado v2018.3 (64-bit)
# SW Build 2405991 on Thu Dec  6 23:38:27 MST 2018
# IP Build 2404404 on Fri Dec  7 01:43:56 MST 2018
# Start of session at: Sat Aug  1 16:55:32 2020
# Process ID: 15048
# Current directory: D:/a/FPGA/Sourcescode/MIPI Camera Video Transmission/Camera_Demo
# Command line: vivado.exe -gui_launcher_event rodinguilauncherevent4116 D:\a\FPGA\Sourcescode\MIPI Camera Video Transmission\Camera_Demo\Camera_Demo.xpr
# Log file: D:/a/FPGA/Sourcescode/MIPI Camera Video Transmission/Camera_Demo/vivado.log
# Journal file: D:/a/FPGA/Sourcescode/MIPI Camera Video Transmission/Camera_Demo\vivado.jou
#-----------------------------------------------------------
start_gui
open_project {D:/a/FPGA/Sourcescode/MIPI Camera Video Transmission/Camera_Demo/Camera_Demo.xpr}
INFO: [Project 1-313] Project file moved from 'D:/FPGA project/camra/Camera_Demo' since last save.
CRITICAL WARNING: [Project 1-19] Could not find the file 'E:/FPGA-Demo-Project/Camera_Demo/tcl/Elimate_Constraints_Error.tcl'.
Scanning sources...
Finished scanning sources
INFO: [IP_Flow 19-234] Refreshing IP repositories
INFO: [IP_Flow 19-1700] Loaded user IP repository 'd:/a/FPGA/Sourcescode/MIPI Camera Video Transmission/Camera_Demo/IP_Core'.
INFO: [IP_Flow 19-2313] Loaded Vivado IP repository 'D:/Vivado/Vivado/2018.3/data/ip'.
open_project: Time (s): cpu = 00:00:33 ; elapsed = 00:00:15 . Memory (MB): peak = 760.766 ; gain = 188.320
update_compile_order -fileset sources_1
exit
INFO: [Common 17-206] Exiting Vivado at Sat Aug  1 16:56:46 2020...
067] Ignoring invalid widget type specified checkbox.Providing a default widget
WARNING: [IP_Flow 19-4067] Ignoring invalid widget type specified checkbox.Providing a default widget
WARNING: [IP_Flow 19-4067] Ignoring invalid widget type specified checkbox.Providing a default widget
WARNING: [IP_Flow 19-4067] Ignoring invalid widget type specified checkbox.Providing a default widget
WARNING: [IP_Flow 19-4067] Ignoring invalid widget type specified checkbox.Providing a default widget
WARNING: [IP_Flow 19-4067] Ignoring invalid widget type specified checkbox.Providing a default widget
exit
INFO: [Common 17-206] Exiting Vivado at Sat Aug  1 17:15:51 2020...
